13:41:46,441 DEBUG - MainWindow [ Cobble version: 1.0.0 - Hexotic Software ]
13:41:46,542 DEBUG - MainWindow [ Main Window Intialized and Visible ]
13:47:33,842 DEBUG - MainWindow [ Cobble version: 1.0.0 - Hexotic Software ]
13:47:33,928 DEBUG - MainWindow [ Main Window Intialized and Visible ]
13:47:33,930 DEBUG - Server [ java -Xmx1024M -Xms1024M -jar D:\games\minecraft_server.1.8.jar nogui  ]
13:47:38,283 DEBUG - Server [ [13:47:38] [Server thread/INFO]: Starting minecraft server version 1.8 ]
13:47:38,283 DEBUG - Server [ [13:47:38] [Server thread/INFO]: Loading properties ]
13:47:38,284 DEBUG - Server [ [13:47:38] [Server thread/WARN]: server.properties does not exist ]
13:47:38,284 DEBUG - Server [ [13:47:38] [Server thread/INFO]: Generating new properties file ]
13:47:38,290 DEBUG - Server [ [13:47:38] [Server thread/WARN]: Failed to load eula.txt ]
13:47:38,292 DEBUG - Server [ [13:47:38] [Server thread/INFO]: You need to agree to the EULA in order to run the server. Go to eula.txt for more info. ]
14:01:26,232 DEBUG - MainWindow [ Cobble version: 1.0.0 - Hexotic Software ]
14:01:26,318 DEBUG - MainWindow [ Main Window Intialized and Visible ]
14:01:26,321 FATAL - Server [ Failed To Launch Minecraft Server :( ]
java.io.IOException: Cannot run program "java -Xmx1024M -Xms1024M -jarD:\games\minecraft_server.1.8.jar" (in directory "D:\Workspace_Projects\Cobble\resources"): CreateProcess error=267, The directory name is invalid
	at java.lang.ProcessBuilder.start(Unknown Source)
	at com.hexotic.cobble.interfaces.Server.startup(Server.java:36)
	at com.hexotic.cobble.ui.MainWindow.startServer(MainWindow.java:56)
	at com.hexotic.cobble.ui.MainWindow.<init>(MainWindow.java:52)
	at com.hexotic.cobble.Launcher.main(Launcher.java:27)
Caused by: java.io.IOException: CreateProcess error=267, The directory name is invalid
	at java.lang.ProcessImpl.create(Native Method)
	at java.lang.ProcessImpl.<init>(Unknown Source)
	at java.lang.ProcessImpl.start(Unknown Source)
	... 5 more
14:01:48,793 DEBUG - MainWindow [ Cobble version: 1.0.0 - Hexotic Software ]
14:01:48,878 DEBUG - MainWindow [ Main Window Intialized and Visible ]
14:01:48,881 FATAL - Server [ Failed To Launch Minecraft Server :( ]
java.io.IOException: Cannot run program "java -Xmx1024M -Xms1024M -jarD:\games\minecraft_server.1.8.jar" (in directory "D:\games\minecraft_server.1.8.jar"): CreateProcess error=267, The directory name is invalid
	at java.lang.ProcessBuilder.start(Unknown Source)
	at com.hexotic.cobble.interfaces.Server.startup(Server.java:36)
	at com.hexotic.cobble.ui.MainWindow.startServer(MainWindow.java:56)
	at com.hexotic.cobble.ui.MainWindow.<init>(MainWindow.java:52)
	at com.hexotic.cobble.Launcher.main(Launcher.java:27)
Caused by: java.io.IOException: CreateProcess error=267, The directory name is invalid
	at java.lang.ProcessImpl.create(Native Method)
	at java.lang.ProcessImpl.<init>(Unknown Source)
	at java.lang.ProcessImpl.start(Unknown Source)
	... 5 more
14:03:11,425 DEBUG - MainWindow [ Cobble version: 1.0.0 - Hexotic Software ]
14:03:11,511 DEBUG - MainWindow [ Main Window Intialized and Visible ]
14:03:15,918 DEBUG - Server [ [14:03:15] [Server thread/INFO]: Starting minecraft server version 1.8 ]
14:03:15,922 DEBUG - Server [ [14:03:15] [Server thread/INFO]: Loading properties ]
14:03:15,923 DEBUG - Server [ [14:03:15] [Server thread/INFO]: You need to agree to the EULA in order to run the server. Go to eula.txt for more info. ]
14:05:22,510 DEBUG - MainWindow [ Cobble version: 1.0.0 - Hexotic Software ]
14:05:22,595 DEBUG - MainWindow [ Main Window Intialized and Visible ]
14:05:26,962 DEBUG - Server [ [14:05:26] [Server thread/INFO]: Starting minecraft server version 1.8 ]
14:05:26,966 DEBUG - Server [ [14:05:26] [Server thread/INFO]: Loading properties ]
14:05:26,973 DEBUG - Server [ [14:05:26] [Server thread/INFO]: Default game type: SURVIVAL ]
14:05:26,973 DEBUG - Server [ [14:05:26] [Server thread/INFO]: Generating keypair ]
14:05:27,049 DEBUG - Server [ [14:05:27] [Server thread/INFO]: Starting Minecraft server on *:25565 ]
14:05:27,261 DEBUG - Server [ [14:05:27] [Server thread/INFO]: Preparing level "BryWorld_TWO" ]
14:05:27,324 DEBUG - Server [ [14:05:27] [Server thread/INFO]: Preparing start region for level 0 ]
14:05:28,237 DEBUG - Server [ [14:05:28] [Server thread/INFO]: Done (1.019s)! For help, type "help" or "?" ]
14:06:57,783 DEBUG - MainWindow [ Cobble version: 1.0.0 - Hexotic Software ]
14:06:57,872 DEBUG - MainWindow [ Main Window Intialized and Visible ]
14:07:02,243 DEBUG - Server [ [14:07:02] [Server thread/INFO]: Starting minecraft server version 1.8 ]
14:07:02,247 DEBUG - Server [ [14:07:02] [Server thread/INFO]: Loading properties ]
14:07:02,254 DEBUG - Server [ [14:07:02] [Server thread/INFO]: Default game type: SURVIVAL ]
14:07:02,254 DEBUG - Server [ [14:07:02] [Server thread/INFO]: Generating keypair ]
14:07:02,360 DEBUG - Server [ [14:07:02] [Server thread/INFO]: Starting Minecraft server on *:25565 ]
14:07:02,570 DEBUG - Server [ [14:07:02] [Server thread/INFO]: Preparing level "BryWorld_TWO" ]
14:07:02,631 DEBUG - Server [ [14:07:02] [Server thread/INFO]: Preparing start region for level 0 ]
14:07:03,474 DEBUG - Server [ [14:07:03] [Server thread/INFO]: Done (0.947s)! For help, type "help" or "?" ]
14:08:12,447 DEBUG - MainWindow [ Cobble version: 1.0.0 - Hexotic Software ]
14:08:12,535 DEBUG - MainWindow [ Main Window Intialized and Visible ]
14:08:16,905 DEBUG - Server [ [14:08:16] [Server thread/INFO]: Starting minecraft server version 1.8 ]
14:08:16,908 DEBUG - Server [ [14:08:16] [Server thread/INFO]: Loading properties ]
14:08:16,915 DEBUG - Server [ [14:08:16] [Server thread/INFO]: Default game type: SURVIVAL ]
14:08:16,916 DEBUG - Server [ [14:08:16] [Server thread/INFO]: Generating keypair ]
14:08:16,990 DEBUG - Server [ [14:08:16] [Server thread/INFO]: Starting Minecraft server on *:25565 ]
14:08:17,200 DEBUG - Server [ [14:08:17] [Server thread/INFO]: Preparing level "BryWorld_TWO" ]
14:08:17,261 DEBUG - Server [ [14:08:17] [Server thread/INFO]: Preparing start region for level 0 ]
14:08:18,127 DEBUG - Server [ [14:08:18] [Server thread/INFO]: Done (0.971s)! For help, type "help" or "?" ]
14:08:23,046 DEBUG -  [ Minecraft Server Terminated with exit code: 1 ]
14:10:03,254 DEBUG - MainWindow [ Cobble version: 1.0.0 - Hexotic Software ]
14:10:03,340 DEBUG - MainWindow [ Main Window Intialized and Visible ]
14:10:07,932 DEBUG - Server [ [14:10:07] [Server thread/INFO]: Starting minecraft server version 1.8 ]
14:10:07,935 DEBUG - Server [ [14:10:07] [Server thread/INFO]: Loading properties ]
14:10:07,942 DEBUG - Server [ [14:10:07] [Server thread/INFO]: Default game type: SURVIVAL ]
14:10:07,943 DEBUG - Server [ [14:10:07] [Server thread/INFO]: Generating keypair ]
14:10:08,021 DEBUG - Server [ [14:10:08] [Server thread/INFO]: Starting Minecraft server on *:25565 ]
14:10:08,246 DEBUG - Server [ [14:10:08] [Server thread/INFO]: Preparing level "BryWorld_TWO" ]
14:10:08,314 DEBUG - Server [ [14:10:08] [Server thread/INFO]: Preparing start region for level 0 ]
14:10:09,213 DEBUG - Server [ [14:10:09] [Server thread/INFO]: Done (1.022s)! For help, type "help" or "?" ]
14:10:18,350 DEBUG - Server [ [14:10:18] [User Authenticator #1/INFO]: UUID of player bradass is 3bb24f62-7b23-4fe7-825a-1fd25dee2086 ]
14:10:18,439 DEBUG - Server [ [14:10:18] [Server thread/INFO]: bradass[/127.0.0.1:64631] logged in with entity id 182 at (-703.9700168549048, 79.5, 1655.1806893257108) ]
14:10:18,445 DEBUG - Server [ [14:10:18] [Server thread/INFO]: bradass joined the game ]
14:11:52,266 DEBUG -  [ Minecraft Server Terminated with exit code: 1 ]
14:15:42,814 DEBUG - MainWindow [ Cobble version: 1.0.0 - Hexotic Software ]
14:15:42,900 DEBUG - MainWindow [ Main Window Intialized and Visible ]
14:15:47,320 DEBUG - Server [ [14:15:47] [Server thread/INFO]: Starting minecraft server version 1.8 ]
14:15:47,323 DEBUG - Server [ [14:15:47] [Server thread/INFO]: Loading properties ]
14:15:47,331 DEBUG - Server [ [14:15:47] [Server thread/INFO]: Default game type: SURVIVAL ]
14:15:47,331 DEBUG - Server [ [14:15:47] [Server thread/INFO]: Generating keypair ]
14:15:47,401 DEBUG - Server [ [14:15:47] [Server thread/INFO]: Starting Minecraft server on *:25565 ]
14:15:47,612 DEBUG - Server [ [14:15:47] [Server thread/INFO]: Preparing level "BryWorld_TWO" ]
14:15:47,676 DEBUG - Server [ [14:15:47] [Server thread/INFO]: Preparing start region for level 0 ]
14:15:48,594 DEBUG - Server [ [14:15:48] [Server thread/INFO]: Done (1.025s)! For help, type "help" or "?" ]
14:16:25,721 DEBUG - Server [ [14:16:25] [User Authenticator #1/INFO]: UUID of player bradass is 3bb24f62-7b23-4fe7-825a-1fd25dee2086 ]
14:16:25,772 DEBUG - Server [ [14:16:25] [Server thread/INFO]: bradass[/127.0.0.1:65279] logged in with entity id 182 at (-702.3989566014142, 78.76636799395752, 1689.699999988079) ]
14:16:25,778 DEBUG - Server [ [14:16:25] [Server thread/INFO]: bradass joined the game ]
14:16:43,055 DEBUG - Server [ [14:16:43] [Server thread/INFO]: bradass lost connection: TextComponent{text='Disconnected', siblings=[], style=Style{hasParent=false, color=null, bold=null, italic=null, underlined=null, obfuscated=null, clickEvent=null, hoverEvent=null, insertion=null}} ]
14:16:43,056 DEBUG - Server [ [14:16:43] [Server thread/INFO]: bradass left the game ]
14:17:27,247 DEBUG -  [ Minecraft Server Terminated with exit code: 1 ]
14:17:31,686 DEBUG - MainWindow [ Cobble version: 1.0.0 - Hexotic Software ]
14:17:31,774 DEBUG - MainWindow [ Main Window Intialized and Visible ]
14:17:36,210 DEBUG - Server [ [14:17:36] [Server thread/INFO]: Starting minecraft server version 1.8 ]
14:17:36,213 DEBUG - Server [ [14:17:36] [Server thread/INFO]: Loading properties ]
14:17:36,221 DEBUG - Server [ [14:17:36] [Server thread/INFO]: Default game type: SURVIVAL ]
14:17:36,221 DEBUG - Server [ [14:17:36] [Server thread/INFO]: Generating keypair ]
14:17:36,346 DEBUG - Server [ [14:17:36] [Server thread/INFO]: Starting Minecraft server on *:25565 ]
14:17:36,560 DEBUG - Server [ [14:17:36] [Server thread/INFO]: Preparing level "BryWorld_TWO" ]
14:17:36,624 DEBUG - Server [ [14:17:36] [Server thread/INFO]: Preparing start region for level 0 ]
14:17:37,538 DEBUG - Server [ [14:17:37] [Server thread/INFO]: Done (1.022s)! For help, type "help" or "?" ]
14:17:46,779 DEBUG - Server [ [14:17:46] [User Authenticator #1/INFO]: UUID of player bradass is 3bb24f62-7b23-4fe7-825a-1fd25dee2086 ]
14:17:46,820 DEBUG - Server [ [14:17:46] [Server thread/INFO]: bradass[/127.0.0.1:65431] logged in with entity id 182 at (-704.430074540822, 79.0, 1659.9986584013789) ]
14:17:46,826 DEBUG - Server [ [14:17:46] [Server thread/INFO]: bradass joined the game ]
14:17:56,601 DEBUG - Server [ [14:17:56] [Server thread/INFO]: bradass lost connection: TextComponent{text='Disconnected', siblings=[], style=Style{hasParent=false, color=null, bold=null, italic=null, underlined=null, obfuscated=null, clickEvent=null, hoverEvent=null, insertion=null}} ]
14:17:56,602 DEBUG - Server [ [14:17:56] [Server thread/INFO]: bradass left the game ]
14:19:07,575 DEBUG -  [ Minecraft Server Terminated with exit code: 1 ]
14:19:10,482 DEBUG - MainWindow [ Cobble version: 1.0.0 - Hexotic Software ]
14:19:10,570 DEBUG - MainWindow [ Main Window Intialized and Visible ]
14:19:15,025 DEBUG - Server [ [14:19:15] [Server thread/INFO]: Starting minecraft server version 1.8 ]
14:19:15,030 DEBUG - Server [ [14:19:15] [Server thread/INFO]: Loading properties ]
14:19:15,037 DEBUG - Server [ [14:19:15] [Server thread/INFO]: Default game type: SURVIVAL ]
14:19:15,038 DEBUG - Server [ [14:19:15] [Server thread/INFO]: Generating keypair ]
14:19:15,116 DEBUG - Server [ [14:19:15] [Server thread/INFO]: Starting Minecraft server on *:25565 ]
14:19:15,334 DEBUG - Server [ [14:19:15] [Server thread/INFO]: Preparing level "BryWorld_TWO" ]
14:19:15,397 DEBUG - Server [ [14:19:15] [Server thread/INFO]: Preparing start region for level 0 ]
14:19:16,241 DEBUG - Server [ [14:19:16] [Server thread/INFO]: Done (0.959s)! For help, type "help" or "?" ]
14:19:23,723 DEBUG - Server [ [14:19:23] [User Authenticator #1/INFO]: UUID of player bradass is 3bb24f62-7b23-4fe7-825a-1fd25dee2086 ]
14:19:23,768 DEBUG - Server [ [14:19:23] [Server thread/INFO]: bradass[/127.0.0.1:49232] logged in with entity id 181 at (-707.9481809747259, 81.0, 1656.012499988079) ]
14:19:23,773 DEBUG - Server [ [14:19:23] [Server thread/INFO]: bradass joined the game ]
14:19:31,548 DEBUG - Server [ [14:19:31] [Server thread/INFO]: [bradass: Toggled downfall] ]
14:19:56,248 DEBUG - Server [ [14:19:56] [Server thread/INFO]: [bradass: Stopping the server] ]
14:19:56,298 DEBUG - Server [ [14:19:56] [Server thread/INFO]: Stopping server ]
14:19:56,299 DEBUG - Server [ [14:19:56] [Server thread/INFO]: Saving players ]
14:19:56,308 DEBUG - Server [ [14:19:56] [Server thread/INFO]: bradass lost connection: TextComponent{text='Disconnected', siblings=[], style=Style{hasParent=false, color=null, bold=null, italic=null, underlined=null, obfuscated=null, clickEvent=null, hoverEvent=null, insertion=null}} ]
14:19:56,309 DEBUG - Server [ [14:19:56] [Server thread/INFO]: bradass left the game ]
14:19:56,330 DEBUG - Server [ [14:19:56] [Server thread/INFO]: Saving worlds ]
14:19:56,331 DEBUG - Server [ [14:19:56] [Server thread/INFO]: Saving chunks for level 'BryWorld_TWO'/Overworld ]
14:19:56,471 DEBUG - Server [ [14:19:56] [Server thread/INFO]: Saving chunks for level 'BryWorld_TWO'/Nether ]
14:19:56,481 DEBUG - Server [ [14:19:56] [Server thread/INFO]: Saving chunks for level 'BryWorld_TWO'/The End ]
14:19:57,237 DEBUG - Server [ [14:19:57] [Server Shutdown Thread/INFO]: Stopping server ]
14:19:57,237 DEBUG - Server [ [14:19:57] [Server Shutdown Thread/INFO]: Saving players ]
14:19:57,238 DEBUG - Server [ [14:19:57] [Server Shutdown Thread/INFO]: Saving worlds ]
14:19:57,238 DEBUG - Server [ [14:19:57] [Server Shutdown Thread/INFO]: Saving chunks for level 'BryWorld_TWO'/Overworld ]
14:20:06,357 DEBUG -  [ Minecraft Server Terminated with exit code: 0 ]
14:21:26,697 DEBUG - MainWindow [ Cobble version: 1.0.0 - Hexotic Software ]
14:21:26,790 DEBUG - MainWindow [ Main Window Intialized and Visible ]
14:21:31,291 DEBUG - Server [ [14:21:31] [Server thread/INFO]: Starting minecraft server version 1.8 ]
14:21:31,296 DEBUG - Server [ [14:21:31] [Server thread/INFO]: Loading properties ]
14:21:31,303 DEBUG - Server [ [14:21:31] [Server thread/INFO]: Default game type: SURVIVAL ]
14:21:31,303 DEBUG - Server [ [14:21:31] [Server thread/INFO]: Generating keypair ]
14:21:31,378 DEBUG - Server [ [14:21:31] [Server thread/INFO]: Starting Minecraft server on *:25565 ]
14:21:31,591 DEBUG - Server [ [14:21:31] [Server thread/INFO]: Preparing level "BryWorld_TWO" ]
14:21:31,653 DEBUG - Server [ [14:21:31] [Server thread/INFO]: Preparing start region for level 0 ]
14:21:32,515 DEBUG - Server [ [14:21:32] [Server thread/INFO]: Done (0.968s)! For help, type "help" or "?" ]
14:21:38,679 DEBUG - Server [ [14:21:38] [User Authenticator #1/INFO]: UUID of player bradass is 3bb24f62-7b23-4fe7-825a-1fd25dee2086 ]
14:21:38,742 DEBUG - Server [ [14:21:38] [Server thread/INFO]: bradass[/127.0.0.1:49467] logged in with entity id 137 at (-700.0979056581417, 79.0, 1677.6800557382055) ]
14:21:38,748 DEBUG - Server [ [14:21:38] [Server thread/INFO]: bradass joined the game ]
14:21:55,378 DEBUG - Server [ [14:21:55] [Server thread/INFO]: bradass lost connection: TextComponent{text='Disconnected', siblings=[], style=Style{hasParent=false, color=null, bold=null, italic=null, underlined=null, obfuscated=null, clickEvent=null, hoverEvent=null, insertion=null}} ]
14:21:55,379 DEBUG - Server [ [14:21:55] [Server thread/INFO]: bradass left the game ]
14:21:58,284 DEBUG -  [ Minecraft Server Terminated with exit code: 1 ]
14:23:23,298 DEBUG - MainWindow [ Cobble version: 1.0.0 - Hexotic Software ]
14:23:23,385 DEBUG - MainWindow [ Main Window Intialized and Visible ]
14:24:00,323 DEBUG -  [ Minecraft Server Terminated with exit code: 1 ]
14:27:12,870 DEBUG - MainWindow [ Cobble version: 1.0.0 - Hexotic Software ]
14:27:12,957 DEBUG - MainWindow [ Main Window Intialized and Visible ]
14:27:36,821 DEBUG -  [ Minecraft Server Terminated with exit code: 1 ]
14:37:44,578 DEBUG - MainWindow [ Cobble version: 1.0.0 - Hexotic Software ]
14:37:44,663 DEBUG - MainWindow [ Main Window Intialized and Visible ]
14:37:49,167 DEBUG -  [ [14:37:49] [Server thread/INFO]: Starting minecraft server version 1.8 ]
14:37:49,167 DEBUG -  [ [14:37:49] [Server thread/INFO]: Starting minecraft server version 1.8 ]
14:37:49,173 DEBUG -  [ [14:37:49] [Server thread/INFO]: Loading properties ]
14:37:49,174 DEBUG -  [ [14:37:49] [Server thread/INFO]: Loading properties ]
14:37:49,183 DEBUG -  [ [14:37:49] [Server thread/INFO]: Default game type: SURVIVAL ]
14:37:49,183 DEBUG -  [ [14:37:49] [Server thread/INFO]: Default game type: SURVIVAL ]
14:37:49,183 DEBUG -  [ [14:37:49] [Server thread/INFO]: Generating keypair ]
14:37:49,183 DEBUG -  [ [14:37:49] [Server thread/INFO]: Generating keypair ]
14:37:49,257 DEBUG -  [ [14:37:49] [Server thread/INFO]: Starting Minecraft server on *:25565 ]
14:37:49,258 DEBUG -  [ [14:37:49] [Server thread/INFO]: Starting Minecraft server on *:25565 ]
14:37:49,481 DEBUG -  [ [14:37:49] [Server thread/INFO]: Preparing level "BryWorld_TWO" ]
14:37:49,482 DEBUG -  [ [14:37:49] [Server thread/INFO]: Preparing level "BryWorld_TWO" ]
14:37:49,553 DEBUG -  [ [14:37:49] [Server thread/INFO]: Preparing start region for level 0 ]
14:37:49,553 DEBUG -  [ [14:37:49] [Server thread/INFO]: Preparing start region for level 0 ]
14:37:50,491 DEBUG -  [ [14:37:50] [Server thread/INFO]: Done (1.055s)! For help, type "help" or "?" ]
14:37:50,491 DEBUG -  [ [14:37:50] [Server thread/INFO]: Done (1.055s)! For help, type "help" or "?" ]
14:37:59,146 DEBUG -  [ Minecraft Server Terminated with exit code: 1 ]
14:38:13,080 DEBUG - MainWindow [ Cobble version: 1.0.0 - Hexotic Software ]
14:38:13,167 DEBUG - MainWindow [ Main Window Intialized and Visible ]
14:38:17,677 DEBUG -  [ [14:38:17] [Server thread/INFO]: Starting minecraft server version 1.8 ]
14:38:17,682 DEBUG -  [ [14:38:17] [Server thread/INFO]: Loading properties ]
14:38:17,689 DEBUG -  [ [14:38:17] [Server thread/INFO]: Default game type: SURVIVAL ]
14:38:17,690 DEBUG -  [ [14:38:17] [Server thread/INFO]: Generating keypair ]
14:38:17,757 DEBUG -  [ [14:38:17] [Server thread/INFO]: Starting Minecraft server on *:25565 ]
14:38:17,970 DEBUG -  [ [14:38:17] [Server thread/INFO]: Preparing level "BryWorld_TWO" ]
14:38:18,034 DEBUG -  [ [14:38:18] [Server thread/INFO]: Preparing start region for level 0 ]
14:38:18,916 DEBUG -  [ [14:38:18] [Server thread/INFO]: Done (0.994s)! For help, type "help" or "?" ]
14:38:29,249 DEBUG -  [ Minecraft Server Terminated with exit code: 1 ]
14:38:46,356 DEBUG - MainWindow [ Cobble version: 1.0.0 - Hexotic Software ]
14:38:46,444 DEBUG - MainWindow [ Main Window Intialized and Visible ]
14:38:50,867 DEBUG -  [ [14:38:50] [Server thread/INFO]: Starting minecraft server version 1.8 ]
14:38:50,872 DEBUG -  [ [14:38:50] [Server thread/INFO]: Loading properties ]
14:38:50,880 DEBUG -  [ [14:38:50] [Server thread/INFO]: Default game type: SURVIVAL ]
14:38:50,880 DEBUG -  [ [14:38:50] [Server thread/INFO]: Generating keypair ]
14:38:51,065 DEBUG -  [ [14:38:51] [Server thread/INFO]: Starting Minecraft server on *:25565 ]
14:38:51,289 DEBUG -  [ [14:38:51] [Server thread/INFO]: Preparing level "BryWorld_TWO" ]
14:38:51,352 DEBUG -  [ [14:38:51] [Server thread/INFO]: Preparing start region for level 0 ]
14:38:52,300 DEBUG -  [ [14:38:52] [Server thread/INFO]: Done (1.058s)! For help, type "help" or "?" ]
14:39:02,384 DEBUG -  [ [14:39:02] [User Authenticator #1/INFO]: UUID of player bradass is 3bb24f62-7b23-4fe7-825a-1fd25dee2086 ]
14:39:02,428 DEBUG -  [ [14:39:02] [Server thread/INFO]: bradass[/127.0.0.1:51200] logged in with entity id 137 at (-700.0979056581417, 79.0, 1677.6800557382055) ]
14:39:02,433 DEBUG -  [ [14:39:02] [Server thread/INFO]: bradass joined the game ]
14:39:02,433 DEBUG - Server [ Sending Command: say Welcome! The server is undergoing maintenance and you may get disconnected now and then.  Sorry :( ]
14:39:27,563 DEBUG -  [ [14:39:27] [Server thread/INFO]: bradass lost connection: TextComponent{text='Disconnected', siblings=[], style=Style{hasParent=false, color=null, bold=null, italic=null, underlined=null, obfuscated=null, clickEvent=null, hoverEvent=null, insertion=null}} ]
14:39:27,564 DEBUG -  [ [14:39:27] [Server thread/INFO]: bradass left the game ]
14:39:30,960 DEBUG -  [ Minecraft Server Terminated with exit code: 1 ]
14:43:16,709 DEBUG - MainWindow [ Cobble version: 1.0.0 - Hexotic Software ]
14:43:16,796 DEBUG - MainWindow [ Main Window Intialized and Visible ]
14:43:21,232 DEBUG -  [ [14:43:21] [Server thread/INFO]: Starting minecraft server version 1.8 ]
14:43:21,236 DEBUG -  [ [14:43:21] [Server thread/INFO]: Loading properties ]
14:43:21,244 DEBUG -  [ [14:43:21] [Server thread/INFO]: Default game type: SURVIVAL ]
14:43:21,244 DEBUG -  [ [14:43:21] [Server thread/INFO]: Generating keypair ]
14:43:21,317 DEBUG -  [ [14:43:21] [Server thread/INFO]: Starting Minecraft server on *:25565 ]
14:43:21,528 DEBUG -  [ [14:43:21] [Server thread/INFO]: Preparing level "BryWorld_TWO" ]
14:43:21,596 DEBUG -  [ [14:43:21] [Server thread/INFO]: Preparing start region for level 0 ]
14:43:22,548 DEBUG -  [ [14:43:22] [Server thread/INFO]: Done (1.064s)! For help, type "help" or "?" ]
14:43:28,877 DEBUG -  [ [14:43:28] [User Authenticator #1/INFO]: UUID of player bradass is 3bb24f62-7b23-4fe7-825a-1fd25dee2086 ]
14:43:28,924 DEBUG -  [ [14:43:28] [Server thread/INFO]: bradass[/127.0.0.1:51700] logged in with entity id 137 at (-708.3425205872854, 79.0, 1662.1101393073463) ]
14:43:28,929 DEBUG -  [ [14:43:28] [Server thread/INFO]: bradass joined the game ]
14:43:28,929 DEBUG - Server [ Sending Command: say Welcome! The server is undergoing maintenance and you may get disconnected now and then.  Sorry :( ]
14:43:39,766 DEBUG - Server [ Sending Command: stop ]
14:45:08,333 DEBUG - MainWindow [ Cobble version: 1.0.0 - Hexotic Software ]
14:45:08,420 DEBUG - MainWindow [ Main Window Intialized and Visible ]
14:45:12,912 DEBUG -  [ [14:45:12] [Server thread/INFO]: Starting minecraft server version 1.8 ]
14:45:12,919 DEBUG -  [ [14:45:12] [Server thread/INFO]: Loading properties ]
14:45:12,927 DEBUG -  [ [14:45:12] [Server thread/INFO]: Default game type: SURVIVAL ]
14:45:12,927 DEBUG -  [ [14:45:12] [Server thread/INFO]: Generating keypair ]
14:45:13,002 DEBUG -  [ [14:45:13] [Server thread/INFO]: Starting Minecraft server on *:25565 ]
14:45:13,153 DEBUG -  [ [14:45:13] [Server thread/WARN]: **** FAILED TO BIND TO PORT! ]
14:45:13,154 DEBUG -  [ [14:45:13] [Server thread/WARN]: The exception was: java.net.BindException: Address already in use: bind ]
14:45:13,155 DEBUG -  [ [14:45:13] [Server thread/WARN]: Perhaps a server is already running on that port? ]
14:45:20,708 DEBUG - Server [ Sending Command: stop ]
14:45:20,727 DEBUG -  [ [14:45:20] [Server thread/INFO]: Stopping server ]
14:45:20,728 DEBUG -  [ [14:45:20] [Server Shutdown Thread/INFO]: Stopping server ]
14:45:24,709 DEBUG -  [ Minecraft Server Terminated with exit code: 0 ]
14:46:08,380 DEBUG - MainWindow [ Cobble version: 1.0.0 - Hexotic Software ]
14:46:08,466 DEBUG - MainWindow [ Main Window Intialized and Visible ]
14:46:12,910 DEBUG -  [ [14:46:12] [Server thread/INFO]: Starting minecraft server version 1.8 ]
14:46:12,913 DEBUG -  [ [14:46:12] [Server thread/INFO]: Loading properties ]
14:46:12,920 DEBUG -  [ [14:46:12] [Server thread/INFO]: Default game type: SURVIVAL ]
14:46:12,920 DEBUG -  [ [14:46:12] [Server thread/INFO]: Generating keypair ]
14:46:12,990 DEBUG -  [ [14:46:12] [Server thread/INFO]: Starting Minecraft server on *:25565 ]
14:46:13,215 DEBUG -  [ [14:46:13] [Server thread/INFO]: Preparing level "BryWorld_TWO" ]
14:46:13,279 DEBUG -  [ [14:46:13] [Server thread/INFO]: Preparing start region for level 0 ]
14:46:14,154 DEBUG -  [ [14:46:14] [Server thread/INFO]: Done (0.987s)! For help, type "help" or "?" ]
14:46:19,756 DEBUG -  [ [14:46:19] [User Authenticator #1/INFO]: UUID of player bradass is 3bb24f62-7b23-4fe7-825a-1fd25dee2086 ]
14:46:19,787 DEBUG -  [ [14:46:19] [Server thread/INFO]: bradass[/127.0.0.1:52064] logged in with entity id 137 at (-708.3425205872854, 79.0, 1662.1101393073463) ]
14:46:19,792 DEBUG -  [ [14:46:19] [Server thread/INFO]: bradass joined the game ]
14:46:19,792 DEBUG - Server [ Sending Command: say Welcome! The server is undergoing maintenance and you may get disconnected now and then.  Sorry :( ]
14:46:20,338 DEBUG -  [ [14:46:20] [Server thread/INFO]: [Server] Welcome! The server is undergoing maintenance and you may get disconnected now and then.  Sorry :( ]
14:46:56,069 DEBUG -  [ [14:46:56] [Server thread/INFO]: bradass lost connection: TextComponent{text='Disconnected', siblings=[], style=Style{hasParent=false, color=null, bold=null, italic=null, underlined=null, obfuscated=null, clickEvent=null, hoverEvent=null, insertion=null}} ]
14:46:56,069 DEBUG -  [ [14:46:56] [Server thread/INFO]: bradass left the game ]
14:46:59,270 DEBUG - Server [ Sending Command: stop ]
14:46:59,286 DEBUG -  [ [14:46:59] [Server thread/INFO]: Stopping the server ]
14:46:59,287 DEBUG -  [ [14:46:59] [Server thread/INFO]: Stopping server ]
14:46:59,287 DEBUG -  [ [14:46:59] [Server thread/INFO]: Saving players ]
14:46:59,287 DEBUG -  [ [14:46:59] [Server thread/INFO]: Saving worlds ]
14:46:59,287 DEBUG -  [ [14:46:59] [Server thread/INFO]: Saving chunks for level 'BryWorld_TWO'/Overworld ]
14:46:59,321 DEBUG -  [ [14:46:59] [Server thread/INFO]: Saving chunks for level 'BryWorld_TWO'/Nether ]
14:46:59,322 DEBUG -  [ [14:46:59] [Server thread/INFO]: Saving chunks for level 'BryWorld_TWO'/The End ]
14:47:00,067 DEBUG -  [ [14:47:00] [Server Shutdown Thread/INFO]: Stopping server ]
14:47:00,067 DEBUG -  [ [14:47:00] [Server Shutdown Thread/INFO]: Saving players ]
14:47:00,067 DEBUG -  [ [14:47:00] [Server Shutdown Thread/INFO]: Saving worlds ]
14:47:03,272 DEBUG -  [ Minecraft Server Terminated with exit code: 0 ]
14:52:35,977 DEBUG - MainWindow [ Cobble version: 1.0.0 - Hexotic Software ]
14:52:36,067 DEBUG - MainWindow [ Main Window Intialized and Visible ]
14:58:49,282 DEBUG - MainWindow [ Cobble version: 1.0.0 - Hexotic Software ]
14:58:49,368 DEBUG - MainWindow [ Main Window Intialized and Visible ]
15:00:08,018 DEBUG - MainWindow [ Cobble version: 1.0.0 - Hexotic Software ]
15:00:08,105 DEBUG - MainWindow [ Main Window Intialized and Visible ]
15:01:19,738 DEBUG - MainWindow [ Cobble version: 1.0.0 - Hexotic Software ]
15:01:19,832 DEBUG - MainWindow [ Main Window Intialized and Visible ]
15:01:29,191 DEBUG - MainWindow [ Cobble version: 1.0.0 - Hexotic Software ]
15:01:29,276 DEBUG - MainWindow [ Main Window Intialized and Visible ]
15:01:47,535 DEBUG - MainWindow [ Cobble version: 1.0.0 - Hexotic Software ]
15:01:47,621 DEBUG - MainWindow [ Main Window Intialized and Visible ]
15:16:21,301 DEBUG - MainWindow [ Cobble version: 1.0.0 - Hexotic Software ]
15:16:21,387 DEBUG - MainWindow [ Main Window Intialized and Visible ]
